<?xml version="1.0" encoding="UTF-8"?>
<!-- Generated by org.testng.reporters.JUnitReportReporter -->
<testsuite hostname="macs-MacBook-Air.local" failures="0" tests="2" name="testcases.VerifyDescendingOrderProductPriceTest" time="1.596" errors="0" timestamp="2024-10-27T21:35:48 IST" skipped="0">
  <testcase classname="testcases.VerifyDescendingOrderProductPriceTest" name="verifyLoginTest" time="1.021"/>
  <system-out/>
  <testcase classname="testcases.VerifyDescendingOrderProductPriceTest" name="verifyPriceTest" time="0.575"/>
  <system-out/>
</testsuite> <!-- testcases.VerifyDescendingOrderProductPriceTest -->
