<?xml version="1.0" encoding="UTF-8"?>
<!-- Generated by org.testng.reporters.JUnitReportReporter -->
<testsuite hostname="macs-MacBook-Air.local" failures="0" tests="2" name="testcases.VerifyAscendingOrderProductPriceTest" time="1.968" errors="0" timestamp="2024-10-27T21:35:48 IST" skipped="0">
  <testcase classname="testcases.VerifyAscendingOrderProductPriceTest" name="verifyLoginTest" time="1.270"/>
  <system-out/>
  <testcase classname="testcases.VerifyAscendingOrderProductPriceTest" name="verifyPriceTest" time="0.698"/>
  <system-out/>
</testsuite> <!-- testcases.VerifyAscendingOrderProductPriceTest -->
