<?xml version="1.0" encoding="UTF-8"?>
<!-- Generated by org.testng.reporters.JUnitReportReporter -->
<testsuite hostname="macs-Air.lan" failures="0" tests="2" name="testcases.VerifyProductPriceSortingTest" time="11.216" errors="0" timestamp="2024-10-27T01:50:31 IST" skipped="0">
  <testcase classname="testcases.VerifyProductPriceSortingTest" name="verifyLoginTest" time="0.806"/>
  <system-out/>
  <testcase classname="testcases.VerifyProductPriceSortingTest" name="verifyPriceTest" time="10.410"/>
  <system-out/>
</testsuite> <!-- testcases.VerifyProductPriceSortingTest -->
