<?xml version="1.0" encoding="UTF-8"?>
<!-- Generated by org.testng.reporters.JUnitReportReporter -->
<testsuite hostname="macs-MacBook-Air.local" failures="0" tests="6" name="testcases.LoginTest" time="13.523" errors="0" timestamp="2024-10-27T21:35:48 IST" skipped="0">
  <testcase classname="testcases.LoginTest" name="verifyLoginTest" time="6.695"/>
  <system-out/>
  <testcase classname="testcases.LoginTest" name="verifyLoginTest" time="1.886"/>
  <system-out/>
  <testcase classname="testcases.LoginTest" name="verifyLoginTest" time="1.007"/>
  <system-out/>
  <testcase classname="testcases.LoginTest" name="verifyLoginTest" time="1.615"/>
  <system-out/>
  <testcase classname="testcases.LoginTest" name="verifyLoginTest" time="2.267"/>
  <system-out/>
  <testcase classname="testcases.LoginTest" name="verifySauceLabLogoTest" time="0.053"/>
  <system-out/>
</testsuite> <!-- testcases.LoginTest -->
