<?xml version="1.0" encoding="UTF-8"?>
<!-- Generated by org.testng.reporters.JUnitReportReporter -->
<testsuite hostname="macs-MacBook-Air.local" failures="0" tests="1" name="testcases.InvalidLoginTest" time="11.195" errors="0" timestamp="2024-10-27T21:35:48 IST" skipped="0">
  <testcase classname="testcases.InvalidLoginTest" name="verifyLoginTestInvalidData" time="11.195"/>
  <system-out/>
</testsuite> <!-- testcases.InvalidLoginTest -->
