<?xml version="1.0" encoding="UTF-8"?>
<!-- Generated by org.testng.reporters.JUnitReportReporter -->
<testsuite hostname="macs-MacBook-Air.local" failures="0" tests="6" name="testcases.VerifyEndtoEndTest" time="3.506" errors="0" timestamp="2024-10-27T21:35:48 IST" skipped="0">
  <testcase classname="testcases.VerifyEndtoEndTest" name="verifyLoginTest" time="1.291"/>
  <system-out/>
  <testcase classname="testcases.VerifyEndtoEndTest" name="addItemToCartTest" time="0.415"/>
  <system-out/>
  <testcase classname="testcases.VerifyEndtoEndTest" name="verifyCartDetailsTest" time="0.398"/>
  <system-out/>
  <testcase classname="testcases.VerifyEndtoEndTest" name="enterCheckOutInfoTest" time="0.974"/>
  <system-out/>
  <testcase classname="testcases.VerifyEndtoEndTest" name="verifyCheckOutOverviewTest" time="0.230"/>
  <system-out/>
  <testcase classname="testcases.VerifyEndtoEndTest" name="checkOutConfirmationTest" time="0.198"/>
  <system-out/>
</testsuite> <!-- testcases.VerifyEndtoEndTest -->
